<?xml version="1.0" encoding="UTF-8"?>
<!-- Generated by org.testng.reporters.JUnitXMLReporter -->
<testsuite hostname="ARBUEL018" name="CostosBudgetRompeFiltro" tests="10" failures="0" timestamp="15 Dec 2015 15:04:29 GMT" time="64.764" errors="0">
  <testcase name="testLoginUserValidoAdmin" time="6.326" classname="testcases.CostosBudgetRompeFiltro"/>
  <testcase name="costosBudgetSeteoBloqueadoNo" time="7.803" classname="testcases.CostosBudgetRompeFiltro"/>
  <testcase name="costosBudgetSeteoBloqueadoSi" time="7.132" classname="testcases.CostosBudgetRompeFiltro"/>
  <testcase name="costosBudgetSeteoCampoAnio1" time="6.352" classname="testcases.CostosBudgetRompeFiltro"/>
  <testcase name="costosBudgetSeteoCampoAnio2" time="6.669" classname="testcases.CostosBudgetRompeFiltro"/>
  <testcase name="costosBudgetSeteoCampoAnio3" time="6.055" classname="testcases.CostosBudgetRompeFiltro"/>
  <testcase name="costosBudgetSeteoCampoDescripcion1" time="6.094" classname="testcases.CostosBudgetRompeFiltro"/>
  <testcase name="costosBudgetSeteoCampoDescripcion2" time="6.093" classname="testcases.CostosBudgetRompeFiltro"/>
  <testcase name="costosBudgetSeteoCampoDescripcion3" time="6.15" classname="testcases.CostosBudgetRompeFiltro"/>
  <testcase name="costosBudgetSeteoCampoDescripcion4" time="6.071" classname="testcases.CostosBudgetRompeFiltro"/>
</testsuite> <!-- CostosBudgetRompeFiltro -->
