<?xml version="1.0" encoding="UTF-8"?>
<!-- Generated by org.testng.reporters.JUnitXMLReporter -->
<testsuite hostname="ARBUEL018" name="Login" tests="5" failures="0" timestamp="15 Dec 2015 15:02:54 GMT" time="73.651" errors="0">
  <testcase name="testLoginUserInvalidoAdm2" time="5.926" classname="testcases.Login"/>
  <testcase name="testLoginUserInvalidoAdmin2" time="6.144" classname="testcases.Login"/>
  <testcase name="testLoginUserInvalidoCaracteresRaros" time="6.279" classname="testcases.Login"/>
  <testcase name="testLoginUserInvalidoEspacioVacio" time="5.369" classname="testcases.Login"/>
  <testcase name="testLoginUserValidoAdmin" time="6.041" classname="testcases.Login"/>
</testsuite> <!-- Login -->
