<?xml version="1.0" encoding="UTF-8"?>
<!-- Generated by org.testng.reporters.JUnitXMLReporter -->
<testsuite hostname="ARBUEL018" name="PruebaDeUrls" tests="13" failures="0" timestamp="15 Dec 2015 15:03:24 GMT" time="29.994" errors="0">
  <testcase name="testLoginUserValidoAdmin" time="6.001" classname="testcases.PruebaDeUrls"/>
  <testcase name="testBrandCodes" time="1.295" classname="testcases.PruebaDeUrls"/>
  <testcase name="testCategorias" time="0.994" classname="testcases.PruebaDeUrls"/>
  <testcase name="testConceptoDeItems" time="0.886" classname="testcases.PruebaDeUrls"/>
  <testcase name="testCostos" time="5.551" classname="testcases.PruebaDeUrls"/>
  <testcase name="testDrivers" time="0.879" classname="testcases.PruebaDeUrls"/>
  <testcase name="testFamiliaDeProductos" time="0.938" classname="testcases.PruebaDeUrls"/>
  <testcase name="testInventarios" time="1.871" classname="testcases.PruebaDeUrls"/>
  <testcase name="testMaestros" time="6.624" classname="testcases.PruebaDeUrls"/>
  <testcase name="testMexicoCategorias" time="0.787" classname="testcases.PruebaDeUrls"/>
  <testcase name="testMgnClass" time="2.279" classname="testcases.PruebaDeUrls"/>
  <testcase name="testPresentaciones" time="0.887" classname="testcases.PruebaDeUrls"/>
  <testcase name="testVentas" time="0.98" classname="testcases.PruebaDeUrls"/>
</testsuite> <!-- PruebaDeUrls -->
