<?xml version="1.0" encoding="UTF-8"?>
<!-- Generated by org.testng.reporters.JUnitXMLReporter -->
<testsuite hostname="ARBUEL018" name="Test2" tests="5" failures="0" timestamp="11 Dec 2015 20:29:54 GMT" time="18.208" errors="0">
  <testcase name="testLoginUserValidoAdmin" time="5.937" classname="testcases.Login2"/>
  <testcase name="testCostos" time="4.957" classname="testcases.Login2"/>
  <testcase name="testInventarios" time="1.353" classname="testcases.Login2"/>
  <testcase name="testMaestros" time="5.174" classname="testcases.Login2"/>
  <testcase name="testVentas" time="0.777" classname="testcases.Login2"/>
</testsuite> <!-- Test2 -->
