<?xml version="1.0" encoding="UTF-8"?>
<testng-results skipped="0" failed="0" total="1" passed="1">
  <reporter-output>
  </reporter-output>
  <suite name="Default suite" duration-ms="5429" started-at="2016-01-13T14:29:40Z" finished-at="2016-01-13T14:29:46Z">
    <groups>
    </groups>
    <test name="Default test" duration-ms="5429" started-at="2016-01-13T14:29:40Z" finished-at="2016-01-13T14:29:46Z">
      <class name="chromePruebas.Login">
        <test-method status="PASS" signature="beforeMethod()[pri:0, instance:chromePruebas.Login@7a79be86]" name="beforeMethod" is-config="true" duration-ms="6059" started-at="2016-01-13T11:29:34Z" finished-at="2016-01-13T11:29:40Z">
          <reporter-output>
          </reporter-output>
        </test-method> <!-- beforeMethod -->
        <test-method status="PASS" signature="testLoginUserValidoAdmin()[pri:0, instance:chromePruebas.Login@7a79be86]" name="testLoginUserValidoAdmin" duration-ms="5407" started-at="2016-01-13T11:29:40Z" finished-at="2016-01-13T11:29:46Z">
          <reporter-output>
          </reporter-output>
        </test-method> <!-- testLoginUserValidoAdmin -->
        <test-method status="PASS" signature="afterMethod()[pri:0, instance:chromePruebas.Login@7a79be86]" name="afterMethod" is-config="true" duration-ms="1678" started-at="2016-01-13T11:29:46Z" finished-at="2016-01-13T11:29:47Z">
          <reporter-output>
          </reporter-output>
        </test-method> <!-- afterMethod -->
      </class> <!-- chromePruebas.Login -->
    </test> <!-- Default test -->
  </suite> <!-- Default suite -->
</testng-results>
